# JRE version: Java(TM) SE Runtime Environment 18.9 (11.0.12+8) (build 11.0.12+8-LTS-237)
# Java VM: Java HotSpot(TM) 64-Bit Server VM 18.9 (11.0.12+8-LTS-237, mixed mode, tiered, compressed oops, g1 gc, windows-amd64)
Heap:
 garbage-first heap   total 312320K, used 166912K [0x0000000703200000, 0x0000000800000000)
  region size 1024K, 41 young (41984K), 8 survivors (8192K)
 Metaspace       used 48696K, capacity 50758K, committed 51100K, reserved 1093632K
  class space    used 6018K, capacity 6881K, committed 6988K, reserved 1048576K
GC Heap History (10 events):
Event: 3.804 GC heap before
{Heap before GC invocations=5 (full 0):
 garbage-first heap   total 260096K, used 95907K [0x0000000703200000, 0x0000000800000000)
  region size 1024K, 84 young (86016K), 8 survivors (8192K)
 Metaspace       used 34855K, capacity 35851K, committed 35920K, reserved 1081344K
  class space    used 3933K, capacity 4349K, committed 4352K, reserved 1048576K
}
Event: 3.820 GC heap after
{Heap after GC invocations=6 (full 0):
 garbage-first heap   total 260096K, used 31558K [0x0000000703200000, 0x0000000800000000)
  region size 1024K, 11 young (11264K), 11 survivors (11264K)
 Metaspace       used 34855K, capacity 35851K, committed 35920K, reserved 1081344K
  class space    used 3933K, capacity 4349K, committed 4352K, reserved 1048576K
}
Event: 19.302 GC heap before
{Heap before GC invocations=7 (full 0):
 garbage-first heap   total 260096K, used 208710K [0x0000000703200000, 0x0000000800000000)
  region size 1024K, 94 young (96256K), 11 survivors (11264K)
 Metaspace       used 47567K, capacity 49652K, committed 49692K, reserved 1091584K
  class space    used 5970K, capacity 6836K, committed 6860K, reserved 1048576K
}
Event: 19.321 GC heap after
{Heap after GC invocations=8 (full 0):
 garbage-first heap   total 312320K, used 83554K [0x0000000703200000, 0x0000000800000000)
  region size 1024K, 8 young (8192K), 8 survivors (8192K)
 Metaspace       used 47567K, capacity 49652K, committed 49692K, reserved 1091584K
  class space    used 5970K, capacity 6836K, committed 6860K, reserved 1048576K
}
Event: 19.419 GC heap before
{Heap before GC invocations=9 (full 0):
 garbage-first heap   total 312320K, used 140898K [0x0000000703200000, 0x0000000800000000)
  region size 1024K, 21 young (21504K), 8 survivors (8192K)
 Metaspace       used 47610K, capacity 49660K, committed 49692K, reserved 1091584K
  class space    used 5974K, capacity 6838K, committed 6860K, reserved 1048576K
}
Event: 19.429 GC heap after
{Heap after GC invocations=10 (full 0):
 garbage-first heap   total 312320K, used 42185K [0x0000000703200000, 0x0000000800000000)
  region size 1024K, 8 young (8192K), 8 survivors (8192K)
 Metaspace       used 47610K, capacity 49660K, committed 49692K, reserved 1091584K
  class space    used 5974K, capacity 6838K, committed 6860K, reserved 1048576K
}
Event: 27.855 GC heap before
{Heap before GC invocations=11 (full 0):
 garbage-first heap   total 312320K, used 163017K [0x0000000703200000, 0x0000000800000000)
  region size 1024K, 43 young (44032K), 8 survivors (8192K)
 Metaspace       used 48168K, capacity 50192K, committed 50460K, reserved 1093632K
  class space    used 5997K, capacity 6842K, committed 6860K, reserved 1048576K
}
Event: 27.861 GC heap after
{Heap after GC invocations=12 (full 0):
 garbage-first heap   total 312320K, used 83679K [0x0000000703200000, 0x0000000800000000)
  region size 1024K, 8 young (8192K), 8 survivors (8192K)
 Metaspace       used 48168K, capacity 50192K, committed 50460K, reserved 1093632K
  class space    used 5997K, capacity 6842K, committed 6860K, reserved 1048576K
}
Event: 27.942 GC heap before
{Heap before GC invocations=13 (full 0):
 garbage-first heap   total 312320K, used 178911K [0x0000000703200000, 0x0000000800000000)
  region size 1024K, 18 young (18432K), 8 survivors (8192K)
 Metaspace       used 48182K, capacity 50192K, committed 50460K, reserved 1093632K
  class space    used 5997K, capacity 6842K, committed 6860K, reserved 1048576K
}
Event: 27.948 GC heap after
{Heap after GC invocations=14 (full 0):
 garbage-first heap   total 312320K, used 43008K [0x0000000703200000, 0x0000000800000000)
  region size 1024K, 8 young (8192K), 8 survivors (8192K)
 Metaspace       used 48182K, capacity 50192K, committed 50460K, reserved 1093632K
  class space    used 5997K, capacity 6842K, committed 6860K, reserved 1048576K
}

